Unity Editor version:    2022.3.7f1 (b16b3b16c7a0)
Branch:                  2022.3/staging
Build type:              Release
Batch mode:              YES
macOS version:           Version 12.4 (Build 21F79)
Darwin version:          21.5.0
Architecture:            x86_64
Running under Rosetta:   NO
Available memory:        8192 MB
Using pre-set license
Pro License: YES

COMMAND LINE ARGUMENTS:
/Applications/Unity/Unity.app/Contents/MacOS/Unity
-adb2
-batchMode
-noUpm
-name
AssetImportWorker1
-projectPath
/Users/jayceepiazza/Documents/GitHub/mod3-cardgames-jcpiazza
-logFile
Logs/AssetImportWorker1.log
-srvPort
53067
Successfully changed project path to: /Users/jayceepiazza/Documents/GitHub/mod3-cardgames-jcpiazza
/Users/jayceepiazza/Documents/GitHub/mod3-cardgames-jcpiazza
[UnityMemory] Configuration Parameters - Can be set up in boot.config
    "memorysetup-bucket-allocator-granularity=16"
    "memorysetup-bucket-allocator-bucket-count=8"
    "memorysetup-bucket-allocator-block-size=33554432"
    "memorysetup-bucket-allocator-block-count=8"
    "memorysetup-main-allocator-block-size=16777216"
    "memorysetup-thread-allocator-block-size=16777216"
    "memorysetup-gfx-main-allocator-block-size=16777216"
    "memorysetup-gfx-thread-allocator-block-size=16777216"
    "memorysetup-cache-allocator-block-size=4194304"
    "memorysetup-typetree-allocator-block-size=2097152"
    "memorysetup-profiler-bucket-allocator-granularity=16"
    "memorysetup-profiler-bucket-allocator-bucket-count=8"
    "memorysetup-profiler-bucket-allocator-block-size=33554432"
    "memorysetup-profiler-bucket-allocator-block-count=8"
    "memorysetup-profiler-allocator-block-size=16777216"
    "memorysetup-profiler-editor-allocator-block-size=1048576"
    "memorysetup-temp-allocator-size-main=16777216"
    "memorysetup-job-temp-allocator-block-size=2097152"
    "memorysetup-job-temp-allocator-block-size-background=1048576"
    "memorysetup-job-temp-allocator-reduction-small-platforms=262144"
    "memorysetup-allocator-temp-initial-block-size-main=262144"
    "memorysetup-allocator-temp-initial-block-size-worker=262144"
    "memorysetup-temp-allocator-size-background-worker=32768"
    "memorysetup-temp-allocator-size-job-worker=262144"
    "memorysetup-temp-allocator-size-preload-manager=33554432"
    "memorysetup-temp-allocator-size-nav-mesh-worker=65536"
    "memorysetup-temp-allocator-size-audio-worker=65536"
    "memorysetup-temp-allocator-size-cloud-worker=32768"
    "memorysetup-temp-allocator-size-gi-baking-worker=262144"
    "memorysetup-temp-allocator-size-gfx=262144"
Player connection [4577621504] Host "[IP] 172.31.70.255 [Port] 0 [Flags] 2 [Guid] 3561767691 [EditorId] 3561767691 [Version] 1048832 [Id] OSXEditor(0,nbp-70-255.nbp.ruw.rutgers.edu) [Debug] 1 [PackageName] OSXEditor [ProjectName] Editor" joined multi-casting on [225.0.0.222:54997]...

Player connection [4577621504] Host "[IP] 172.31.70.255 [Port] 0 [Flags] 2 [Guid] 3561767691 [EditorId] 3561767691 [Version] 1048832 [Id] OSXEditor(0,nbp-70-255.nbp.ruw.rutgers.edu) [Debug] 1 [PackageName] OSXEditor [ProjectName] Editor" joined alternative multi-casting on [225.0.0.222:34997]...

Refreshing native plugins compatible for Editor in 21.06 ms, found 2 plugins.
Preloading 0 native plugins for Editor in 0.00 ms.
Initialize engine version: 2022.3.7f1 (b16b3b16c7a0)
[Subsystems] Discovering subsystems at path /Applications/Unity/Unity.app/Contents/Resources/UnitySubsystems
[Subsystems] Discovering subsystems at path /Users/jayceepiazza/Documents/GitHub/mod3-cardgames-jcpiazza/Assets
GfxDevice: creating device client; threaded=0; jobified=0
Color LCD preferred device: Intel(R) Iris(TM) Plus Graphics 650 (low power)
Metal devices available: 1
0: Intel(R) Iris(TM) Plus Graphics 650 (low power)
Using device Intel(R) Iris(TM) Plus Graphics 650 (low power)
Initializing Metal device caps: Intel(R) Iris(TM) Plus Graphics 650
Initialize mono
Mono path[0] = '/Applications/Unity/Unity.app/Contents/Managed'
Mono path[1] = '/Applications/Unity/Unity.app/Contents/MonoBleedingEdge/lib/mono/unityjit-macos'
Mono config path = '/Applications/Unity/Unity.app/Contents/MonoBleedingEdge/etc'
Using monoOptions --debugger-agent=transport=dt_socket,embedding=1,server=y,suspend=n,address=127.0.0.1:56367
Begin MonoManager ReloadAssembly
Registering precompiled unity dll's ...
Register platform support module: /Applications/Unity/PlaybackEngines/WebGLSupport/UnityEditor.WebGL.Extensions.dll
Register platform support module: /Applications/Unity/Unity.app/Contents/PlaybackEngines/MacStandaloneSupport/UnityEditor.OSXStandalone.Extensions.dll
Registered in 0.015374 seconds.
- Loaded All Assemblies, in  1.622 seconds
Native extension for OSXStandalone target not found
Native extension for WebGL target not found
Mono: successfully reloaded assembly
- Finished resetting the current domain, in  0.671 seconds
Domain Reload Profiling: 2296ms
	BeginReloadAssembly (387ms)
		ExecutionOrderSort (0ms)
		DisableScriptedObjects (0ms)
		BackupInstance (0ms)
		ReleaseScriptingObjects (0ms)
		CreateAndSetChildDomain (1ms)
	RebuildCommonClasses (190ms)
	RebuildNativeTypeToScriptingClass (42ms)
	initialDomainReloadingComplete (386ms)
	LoadAllAssembliesAndSetupDomain (618ms)
		LoadAssemblies (400ms)
		RebuildTransferFunctionScriptingTraits (0ms)
		AnalyzeDomain (600ms)
			TypeCache.Refresh (594ms)
				TypeCache.ScanAssembly (558ms)
			ScanForSourceGeneratedMonoScriptInfo (1ms)
			ResolveRequiredComponents (1ms)
	FinalizeReload (672ms)
		ReleaseScriptCaches (0ms)
		RebuildScriptCaches (0ms)
		SetupLoadedEditorAssemblies (443ms)
			LogAssemblyErrors (0ms)
			InitializePlatformSupportModulesInManaged (16ms)
			SetLoadedEditorAssemblies (11ms)
			RefreshPlugins (0ms)
			BeforeProcessingInitializeOnLoad (5ms)
			ProcessInitializeOnLoadAttributes (318ms)
			ProcessInitializeOnLoadMethodAttributes (93ms)
			AfterProcessingInitializeOnLoad (0ms)
			EditorAssembliesLoaded (0ms)
		ExecutionOrderSort2 (0ms)
		AwakeInstancesAfterBackupRestoration (0ms)
========================================================================
Worker process is ready to serve import requests
Begin MonoManager ReloadAssembly
- Loaded All Assemblies, in  2.050 seconds
Refreshing native plugins compatible for Editor in 0.98 ms, found 2 plugins.
Native extension for OSXStandalone target not found
Native extension for WebGL target not found
Mono: successfully reloaded assembly
- Finished resetting the current domain, in  0.951 seconds
Domain Reload Profiling: 3002ms
	BeginReloadAssembly (527ms)
		ExecutionOrderSort (0ms)
		DisableScriptedObjects (13ms)
		BackupInstance (0ms)
		ReleaseScriptingObjects (0ms)
		CreateAndSetChildDomain (73ms)
	RebuildCommonClasses (102ms)
	RebuildNativeTypeToScriptingClass (30ms)
	initialDomainReloadingComplete (79ms)
	LoadAllAssembliesAndSetupDomain (1313ms)
		LoadAssemblies (1316ms)
		RebuildTransferFunctionScriptingTraits (0ms)
		AnalyzeDomain (254ms)
			TypeCache.Refresh (225ms)
				TypeCache.ScanAssembly (194ms)
			ScanForSourceGeneratedMonoScriptInfo (19ms)
			ResolveRequiredComponents (6ms)
	FinalizeReload (952ms)
		ReleaseScriptCaches (0ms)
		RebuildScriptCaches (0ms)
		SetupLoadedEditorAssemblies (613ms)
			LogAssemblyErrors (0ms)
			InitializePlatformSupportModulesInManaged (8ms)
			SetLoadedEditorAssemblies (7ms)
			RefreshPlugins (0ms)
			BeforeProcessingInitializeOnLoad (70ms)
			ProcessInitializeOnLoadAttributes (480ms)
			ProcessInitializeOnLoadMethodAttributes (44ms)
			AfterProcessingInitializeOnLoad (3ms)
			EditorAssembliesLoaded (0ms)
		ExecutionOrderSort2 (0ms)
		AwakeInstancesAfterBackupRestoration (10ms)
Launching external process: /Applications/Unity/Unity.app/Contents/Tools/UnityShaderCompiler
Launched and connected shader compiler UnityShaderCompiler after 0.12 seconds
Refreshing native plugins compatible for Editor in 1.92 ms, found 2 plugins.
Preloading 0 native plugins for Editor in 0.00 ms.
Unloading 1408 Unused Serialized files (Serialized files now loaded: 0)
Unloading 21 unused Assets / (50.7 KB). Loaded Objects now: 1878.
Memory consumption went from 158.6 MB to 158.6 MB.
Total: 7.105461 ms (FindLiveObjects: 0.185609 ms CreateObjectMapping: 0.098639 ms MarkObjects: 6.686966 ms  DeleteObjects: 0.132953 ms)

AssetImportParameters requested are different than current active one (requested -> active):
  custom:video-encoder-webm-vp8: eb34c28f22e8b96e1ab97ce403110664 -> 
  custom:video-decoder-webm-vp8: 9c59270c3fd7afecdb556c50c9e8de78 -> 
  custom:audio-decoder-ogg-vorbis: bf7c407c2cedff20999df2af8eb42d56 -> 
  custom:container-demuxer-ogg: 62fdf1f143b41e24485cea50d1cbac27 -> 
  custom:AudioImporter_EditorPlatform: 3918e3fc78b5a79bad01e8451be0beb8 -> 
  custom:container-demuxer-webm: 4f35f7cbe854078d1ac9338744f61a02 -> 
  custom:video-decoder-ogg-theora: a1e56fd34408186e4bbccfd4996cb3dc -> 
  custom:audio-encoder-webm-vorbis: bf7c407c2cedff20999df2af8eb42d56 -> 
  custom:framework-osx-AVFoundation: e770b220cccbd017edd2c1fefb359320 -> 
  custom:container-muxer-webm: aa71ff27fc2769a1b78a27578f13a17b -> 
========================================================================
Received Import Request.
  Time since last request: 285581.830558 seconds.
  path: Assets/01-Prospector 1/__Scripts/Card.cs
  artifactKey: Guid(7be02f61979cb4756a240df9c6fb27e7) Importer(815301076,1909f56bfc062723c751e8b465ee728b)
Start importing Assets/01-Prospector 1/__Scripts/Card.cs using Guid(7be02f61979cb4756a240df9c6fb27e7) Importer(815301076,1909f56bfc062723c751e8b465ee728b)  -> (artifact id: 'e6e54759eea1bc62df61560d4e96b446') in 0.003148 seconds
Number of updated asset objects reloaded before import = 0
Number of asset objects unloaded after import = 0
========================================================================
Received Prepare
Refreshing native plugins compatible for Editor in 12.78 ms, found 2 plugins.
Preloading 0 native plugins for Editor in 0.00 ms.
Unloading 0 Unused Serialized files (Serialized files now loaded: 0)
Unloading 1 unused Assets / (0.8 KB). Loaded Objects now: 1878.
Memory consumption went from 135.5 MB to 135.5 MB.
Total: 31.947511 ms (FindLiveObjects: 0.594114 ms CreateObjectMapping: 0.109960 ms MarkObjects: 31.133623 ms  DeleteObjects: 0.108271 ms)

Prepare: number of updated asset objects reloaded= 0
AssetImportParameters requested are different than current active one (requested -> active):
  custom:video-encoder-webm-vp8: eb34c28f22e8b96e1ab97ce403110664 -> 
  custom:video-decoder-webm-vp8: 9c59270c3fd7afecdb556c50c9e8de78 -> 
  custom:audio-decoder-ogg-vorbis: bf7c407c2cedff20999df2af8eb42d56 -> 
  custom:SearchIndexIgnoredProperties: e643bd26f0fe6173181afceb89e7c659 -> 
  custom:container-demuxer-ogg: 62fdf1f143b41e24485cea50d1cbac27 -> 
  custom:AudioImporter_EditorPlatform: 3918e3fc78b5a79bad01e8451be0beb8 -> 
  custom:CustomObjectIndexerAttribute: 756ad292c208cfabdd7b50bc23989ffe -> 
  custom:container-demuxer-webm: 4f35f7cbe854078d1ac9338744f61a02 -> 
  custom:video-decoder-ogg-theora: a1e56fd34408186e4bbccfd4996cb3dc -> 
  custom:audio-encoder-webm-vorbis: bf7c407c2cedff20999df2af8eb42d56 -> 
  custom:framework-osx-AVFoundation: e770b220cccbd017edd2c1fefb359320 -> 
  custom:container-muxer-webm: aa71ff27fc2769a1b78a27578f13a17b -> 
========================================================================
Received Prepare
Begin MonoManager ReloadAssembly
- Loaded All Assemblies, in  1.076 seconds
Refreshing native plugins compatible for Editor in 1.14 ms, found 2 plugins.
Native extension for OSXStandalone target not found
Native extension for WebGL target not found
Mono: successfully reloaded assembly
- Finished resetting the current domain, in  1.289 seconds
Domain Reload Profiling: 2366ms
	BeginReloadAssembly (402ms)
		ExecutionOrderSort (0ms)
		DisableScriptedObjects (17ms)
		BackupInstance (0ms)
		ReleaseScriptingObjects (0ms)
		CreateAndSetChildDomain (171ms)
	RebuildCommonClasses (116ms)
	RebuildNativeTypeToScriptingClass (30ms)
	initialDomainReloadingComplete (78ms)
	LoadAllAssembliesAndSetupDomain (451ms)
		LoadAssemblies (563ms)
		RebuildTransferFunctionScriptingTraits (0ms)
		AnalyzeDomain (47ms)
			TypeCache.Refresh (16ms)
				TypeCache.ScanAssembly (1ms)
			ScanForSourceGeneratedMonoScriptInfo (20ms)
			ResolveRequiredComponents (7ms)
	FinalizeReload (1290ms)
		ReleaseScriptCaches (0ms)
		RebuildScriptCaches (0ms)
		SetupLoadedEditorAssemblies (535ms)
			LogAssemblyErrors (0ms)
			InitializePlatformSupportModulesInManaged (10ms)
			SetLoadedEditorAssemblies (6ms)
			RefreshPlugins (0ms)
			BeforeProcessingInitializeOnLoad (66ms)
			ProcessInitializeOnLoadAttributes (423ms)
			ProcessInitializeOnLoadMethodAttributes (29ms)
			AfterProcessingInitializeOnLoad (1ms)
			EditorAssembliesLoaded (0ms)
		ExecutionOrderSort2 (0ms)
		AwakeInstancesAfterBackupRestoration (6ms)
Refreshing native plugins compatible for Editor in 1.02 ms, found 2 plugins.
Preloading 0 native plugins for Editor in 0.00 ms.
Unloading 1392 Unused Serialized files (Serialized files now loaded: 0)
Unloading 25 unused Assets / (32.6 KB). Loaded Objects now: 1871.
Memory consumption went from 158.9 MB to 158.9 MB.
Total: 4.526400 ms (FindLiveObjects: 0.330325 ms CreateObjectMapping: 0.104467 ms MarkObjects: 4.024093 ms  DeleteObjects: 0.066384 ms)

Prepare: number of updated asset objects reloaded= 0
AssetImportParameters requested are different than current active one (requested -> active):
  custom:video-encoder-webm-vp8: eb34c28f22e8b96e1ab97ce403110664 -> 
  custom:video-decoder-webm-vp8: 9c59270c3fd7afecdb556c50c9e8de78 -> 
  custom:audio-decoder-ogg-vorbis: bf7c407c2cedff20999df2af8eb42d56 -> 
  custom:SearchIndexIgnoredProperties: e643bd26f0fe6173181afceb89e7c659 -> 
  custom:container-demuxer-ogg: 62fdf1f143b41e24485cea50d1cbac27 -> 
  custom:AudioImporter_EditorPlatform: 3918e3fc78b5a79bad01e8451be0beb8 -> 
  custom:CustomObjectIndexerAttribute: 756ad292c208cfabdd7b50bc23989ffe -> 
  custom:container-demuxer-webm: 4f35f7cbe854078d1ac9338744f61a02 -> 
  custom:video-decoder-ogg-theora: a1e56fd34408186e4bbccfd4996cb3dc -> 
  custom:audio-encoder-webm-vorbis: bf7c407c2cedff20999df2af8eb42d56 -> 
  custom:framework-osx-AVFoundation: e770b220cccbd017edd2c1fefb359320 -> 
  custom:container-muxer-webm: aa71ff27fc2769a1b78a27578f13a17b -> 
========================================================================
Received Prepare
Begin MonoManager ReloadAssembly
- Loaded All Assemblies, in  0.695 seconds
Refreshing native plugins compatible for Editor in 0.82 ms, found 2 plugins.
Native extension for OSXStandalone target not found
Native extension for WebGL target not found
Mono: successfully reloaded assembly
- Finished resetting the current domain, in  1.169 seconds
Domain Reload Profiling: 1864ms
	BeginReloadAssembly (273ms)
		ExecutionOrderSort (0ms)
		DisableScriptedObjects (13ms)
		BackupInstance (0ms)
		ReleaseScriptingObjects (0ms)
		CreateAndSetChildDomain (72ms)
	RebuildCommonClasses (79ms)
	RebuildNativeTypeToScriptingClass (26ms)
	initialDomainReloadingComplete (41ms)
	LoadAllAssembliesAndSetupDomain (276ms)
		LoadAssemblies (401ms)
		RebuildTransferFunctionScriptingTraits (0ms)
		AnalyzeDomain (16ms)
			TypeCache.Refresh (7ms)
				TypeCache.ScanAssembly (0ms)
			ScanForSourceGeneratedMonoScriptInfo (0ms)
			ResolveRequiredComponents (6ms)
	FinalizeReload (1170ms)
		ReleaseScriptCaches (0ms)
		RebuildScriptCaches (0ms)
		SetupLoadedEditorAssemblies (703ms)
			LogAssemblyErrors (0ms)
			InitializePlatformSupportModulesInManaged (10ms)
			SetLoadedEditorAssemblies (10ms)
			RefreshPlugins (0ms)
			BeforeProcessingInitializeOnLoad (78ms)
			ProcessInitializeOnLoadAttributes (564ms)
			ProcessInitializeOnLoadMethodAttributes (39ms)
			AfterProcessingInitializeOnLoad (1ms)
			EditorAssembliesLoaded (0ms)
		ExecutionOrderSort2 (0ms)
		AwakeInstancesAfterBackupRestoration (7ms)
Refreshing native plugins compatible for Editor in 1.16 ms, found 2 plugins.
Preloading 0 native plugins for Editor in 0.00 ms.
Unloading 1392 Unused Serialized files (Serialized files now loaded: 0)
Unloading 15 unused Assets / (27.4 KB). Loaded Objects now: 1874.
Memory consumption went from 159.1 MB to 159.1 MB.
Total: 5.514835 ms (FindLiveObjects: 0.312139 ms CreateObjectMapping: 0.103528 ms MarkObjects: 5.040431 ms  DeleteObjects: 0.057560 ms)

Prepare: number of updated asset objects reloaded= 0
AssetImportParameters requested are different than current active one (requested -> active):
  custom:video-encoder-webm-vp8: eb34c28f22e8b96e1ab97ce403110664 -> 
  custom:video-decoder-webm-vp8: 9c59270c3fd7afecdb556c50c9e8de78 -> 
  custom:audio-decoder-ogg-vorbis: bf7c407c2cedff20999df2af8eb42d56 -> 
  custom:SearchIndexIgnoredProperties: e643bd26f0fe6173181afceb89e7c659 -> 
  custom:container-demuxer-ogg: 62fdf1f143b41e24485cea50d1cbac27 -> 
  custom:AudioImporter_EditorPlatform: 3918e3fc78b5a79bad01e8451be0beb8 -> 
  custom:CustomObjectIndexerAttribute: 756ad292c208cfabdd7b50bc23989ffe -> 
  custom:container-demuxer-webm: 4f35f7cbe854078d1ac9338744f61a02 -> 
  custom:video-decoder-ogg-theora: a1e56fd34408186e4bbccfd4996cb3dc -> 
  custom:audio-encoder-webm-vorbis: bf7c407c2cedff20999df2af8eb42d56 -> 
  custom:framework-osx-AVFoundation: e770b220cccbd017edd2c1fefb359320 -> 
  custom:container-muxer-webm: aa71ff27fc2769a1b78a27578f13a17b -> 
========================================================================
Received Prepare
Begin MonoManager ReloadAssembly
- Loaded All Assemblies, in  2.126 seconds
Refreshing native plugins compatible for Editor in 1.30 ms, found 2 plugins.
Native extension for OSXStandalone target not found
Native extension for WebGL target not found
Mono: successfully reloaded assembly
- Finished resetting the current domain, in  2.472 seconds
Domain Reload Profiling: 4599ms
	BeginReloadAssembly (1120ms)
		ExecutionOrderSort (0ms)
		DisableScriptedObjects (19ms)
		BackupInstance (0ms)
		ReleaseScriptingObjects (0ms)
		CreateAndSetChildDomain (212ms)
	RebuildCommonClasses (114ms)
	RebuildNativeTypeToScriptingClass (43ms)
	initialDomainReloadingComplete (106ms)
	LoadAllAssembliesAndSetupDomain (743ms)
		LoadAssemblies (1518ms)
		RebuildTransferFunctionScriptingTraits (0ms)
		AnalyzeDomain (27ms)
			TypeCache.Refresh (12ms)
				TypeCache.ScanAssembly (0ms)
			ScanForSourceGeneratedMonoScriptInfo (0ms)
			ResolveRequiredComponents (12ms)
	FinalizeReload (2473ms)
		ReleaseScriptCaches (0ms)
		RebuildScriptCaches (0ms)
		SetupLoadedEditorAssemblies (874ms)
			LogAssemblyErrors (0ms)
			InitializePlatformSupportModulesInManaged (14ms)
			SetLoadedEditorAssemblies (11ms)
			RefreshPlugins (0ms)
			BeforeProcessingInitializeOnLoad (118ms)
			ProcessInitializeOnLoadAttributes (679ms)
			ProcessInitializeOnLoadMethodAttributes (50ms)
			AfterProcessingInitializeOnLoad (1ms)
			EditorAssembliesLoaded (0ms)
		ExecutionOrderSort2 (0ms)
		AwakeInstancesAfterBackupRestoration (10ms)
Refreshing native plugins compatible for Editor in 1.50 ms, found 2 plugins.
Preloading 0 native plugins for Editor in 0.00 ms.
Unloading 1392 Unused Serialized files (Serialized files now loaded: 0)
Unloading 15 unused Assets / (29.3 KB). Loaded Objects now: 1877.
Memory consumption went from 159.7 MB to 159.7 MB.
Total: 8.934723 ms (FindLiveObjects: 0.228823 ms CreateObjectMapping: 0.133334 ms MarkObjects: 8.477646 ms  DeleteObjects: 0.091713 ms)

Prepare: number of updated asset objects reloaded= 0
AssetImportParameters requested are different than current active one (requested -> active):
  custom:video-encoder-webm-vp8: eb34c28f22e8b96e1ab97ce403110664 -> 
  custom:video-decoder-webm-vp8: 9c59270c3fd7afecdb556c50c9e8de78 -> 
  custom:audio-decoder-ogg-vorbis: bf7c407c2cedff20999df2af8eb42d56 -> 
  custom:SearchIndexIgnoredProperties: e643bd26f0fe6173181afceb89e7c659 -> 
  custom:container-demuxer-ogg: 62fdf1f143b41e24485cea50d1cbac27 -> 
  custom:AudioImporter_EditorPlatform: 3918e3fc78b5a79bad01e8451be0beb8 -> 
  custom:CustomObjectIndexerAttribute: 756ad292c208cfabdd7b50bc23989ffe -> 
  custom:container-demuxer-webm: 4f35f7cbe854078d1ac9338744f61a02 -> 
  custom:video-decoder-ogg-theora: a1e56fd34408186e4bbccfd4996cb3dc -> 
  custom:audio-encoder-webm-vorbis: bf7c407c2cedff20999df2af8eb42d56 -> 
  custom:framework-osx-AVFoundation: e770b220cccbd017edd2c1fefb359320 -> 
  custom:container-muxer-webm: aa71ff27fc2769a1b78a27578f13a17b -> 
========================================================================
Received Prepare
Begin MonoManager ReloadAssembly
- Loaded All Assemblies, in  1.132 seconds
Refreshing native plugins compatible for Editor in 1.05 ms, found 2 plugins.
Native extension for OSXStandalone target not found
Native extension for WebGL target not found
Mono: successfully reloaded assembly
- Finished resetting the current domain, in  1.426 seconds
Domain Reload Profiling: 2560ms
	BeginReloadAssembly (435ms)
		ExecutionOrderSort (0ms)
		DisableScriptedObjects (13ms)
		BackupInstance (0ms)
		ReleaseScriptingObjects (0ms)
		CreateAndSetChildDomain (167ms)
	RebuildCommonClasses (111ms)
	RebuildNativeTypeToScriptingClass (38ms)
	initialDomainReloadingComplete (66ms)
	LoadAllAssembliesAndSetupDomain (483ms)
		LoadAssemblies (661ms)
		RebuildTransferFunctionScriptingTraits (0ms)
		AnalyzeDomain (16ms)
			TypeCache.Refresh (8ms)
				TypeCache.ScanAssembly (0ms)
			ScanForSourceGeneratedMonoScriptInfo (0ms)
			ResolveRequiredComponents (5ms)
	FinalizeReload (1426ms)
		ReleaseScriptCaches (0ms)
		RebuildScriptCaches (0ms)
		SetupLoadedEditorAssemblies (520ms)
			LogAssemblyErrors (0ms)
			InitializePlatformSupportModulesInManaged (11ms)
			SetLoadedEditorAssemblies (8ms)
			RefreshPlugins (0ms)
			BeforeProcessingInitializeOnLoad (82ms)
			ProcessInitializeOnLoadAttributes (390ms)
			ProcessInitializeOnLoadMethodAttributes (27ms)
			AfterProcessingInitializeOnLoad (1ms)
			EditorAssembliesLoaded (0ms)
		ExecutionOrderSort2 (0ms)
		AwakeInstancesAfterBackupRestoration (7ms)
Refreshing native plugins compatible for Editor in 1.06 ms, found 2 plugins.
Preloading 0 native plugins for Editor in 0.00 ms.
Unloading 1392 Unused Serialized files (Serialized files now loaded: 0)
Unloading 15 unused Assets / (27.4 KB). Loaded Objects now: 1880.
Memory consumption went from 160.0 MB to 160.0 MB.
Total: 3.640448 ms (FindLiveObjects: 0.168703 ms CreateObjectMapping: 0.092879 ms MarkObjects: 3.321618 ms  DeleteObjects: 0.056055 ms)

Prepare: number of updated asset objects reloaded= 0
AssetImportParameters requested are different than current active one (requested -> active):
  custom:video-encoder-webm-vp8: eb34c28f22e8b96e1ab97ce403110664 -> 
  custom:video-decoder-webm-vp8: 9c59270c3fd7afecdb556c50c9e8de78 -> 
  custom:audio-decoder-ogg-vorbis: bf7c407c2cedff20999df2af8eb42d56 -> 
  custom:SearchIndexIgnoredProperties: e643bd26f0fe6173181afceb89e7c659 -> 
  custom:container-demuxer-ogg: 62fdf1f143b41e24485cea50d1cbac27 -> 
  custom:AudioImporter_EditorPlatform: 3918e3fc78b5a79bad01e8451be0beb8 -> 
  custom:CustomObjectIndexerAttribute: 756ad292c208cfabdd7b50bc23989ffe -> 
  custom:container-demuxer-webm: 4f35f7cbe854078d1ac9338744f61a02 -> 
  custom:video-decoder-ogg-theora: a1e56fd34408186e4bbccfd4996cb3dc -> 
  custom:audio-encoder-webm-vorbis: bf7c407c2cedff20999df2af8eb42d56 -> 
  custom:framework-osx-AVFoundation: e770b220cccbd017edd2c1fefb359320 -> 
  custom:container-muxer-webm: aa71ff27fc2769a1b78a27578f13a17b -> 
========================================================================
Received Import Request.
  Time since last request: 26071.447877 seconds.
  path: Assets/01-Prospector Clock/_Prefabs/PrefabCard 2.prefab
  artifactKey: Guid(f04c5ad1e819b452aaf3126a0745b55d) Importer(815301076,1909f56bfc062723c751e8b465ee728b)
Start importing Assets/01-Prospector Clock/_Prefabs/PrefabCard 2.prefab using Guid(f04c5ad1e819b452aaf3126a0745b55d) Importer(815301076,1909f56bfc062723c751e8b465ee728b)  -> (artifact id: '52167046a775855426998e0049c4ed98') in 1.337559 seconds
Number of updated asset objects reloaded before import = 0
Number of asset objects unloaded after import = 9
========================================================================
Received Import Request.
  Time since last request: 0.000106 seconds.
  path: Assets/01-Prospector Clock/_Prefabs/PrefabFloatingScore.prefab
  artifactKey: Guid(d1a491acdc757410899070af5be63b0a) Importer(815301076,1909f56bfc062723c751e8b465ee728b)
Start importing Assets/01-Prospector Clock/_Prefabs/PrefabFloatingScore.prefab using Guid(d1a491acdc757410899070af5be63b0a) Importer(815301076,1909f56bfc062723c751e8b465ee728b)  -> (artifact id: '9adf5cf80b3ce335b0f5c179b1bc90f0') in 0.027254 seconds
Number of updated asset objects reloaded before import = 0
Number of asset objects unloaded after import = 7
========================================================================
Received Import Request.
  Time since last request: 15.964781 seconds.
  path: Assets/01-Prospector Clock/_Sprites/Card_Back_Gold.png
  artifactKey: Guid(1a64828b6c9f245398d796a37c986c37) Importer(815301076,1909f56bfc062723c751e8b465ee728b)
Start importing Assets/01-Prospector Clock/_Sprites/Card_Back_Gold.png using Guid(1a64828b6c9f245398d796a37c986c37) Importer(815301076,1909f56bfc062723c751e8b465ee728b)  -> (artifact id: '5e52cb9269ec8e093ce38d4bd134620c') in 0.125671 seconds
Number of updated asset objects reloaded before import = 0
Number of asset objects unloaded after import = 3
========================================================================
Received Import Request.
  Time since last request: 0.000478 seconds.
  path: Assets/01-Prospector Clock/_Sprites/Letters 2.png
  artifactKey: Guid(69fa0d2d60ba0451b95fa63b09bc8230) Importer(815301076,1909f56bfc062723c751e8b465ee728b)
Start importing Assets/01-Prospector Clock/_Sprites/Letters 2.png using Guid(69fa0d2d60ba0451b95fa63b09bc8230) Importer(815301076,1909f56bfc062723c751e8b465ee728b)  -> (artifact id: '96a49d89f8c04f4540a8fb2c26cae329') in 0.008796 seconds
Number of updated asset objects reloaded before import = 0
Number of asset objects unloaded after import = 2
========================================================================
Received Import Request.
  Time since last request: 0.001384 seconds.
  path: Assets/01-Prospector Clock/_Sprites/FaceCard_11C.png
  artifactKey: Guid(975d5b1fa5f7f48ac947ae53cacb3602) Importer(815301076,1909f56bfc062723c751e8b465ee728b)
Start importing Assets/01-Prospector Clock/_Sprites/FaceCard_11C.png using Guid(975d5b1fa5f7f48ac947ae53cacb3602) Importer(815301076,1909f56bfc062723c751e8b465ee728b)  -> (artifact id: '92e8d793b0a65071826189b2044bb686') in 0.028160 seconds
Number of updated asset objects reloaded before import = 0
Number of asset objects unloaded after import = 3
========================================================================
Received Import Request.
  Time since last request: 0.001250 seconds.
  path: Assets/01-Prospector Clock/_Sprites/FaceCard_11S.png
  artifactKey: Guid(6386dcb99718548f1b98453c4351887f) Importer(815301076,1909f56bfc062723c751e8b465ee728b)
Start importing Assets/01-Prospector Clock/_Sprites/FaceCard_11S.png using Guid(6386dcb99718548f1b98453c4351887f) Importer(815301076,1909f56bfc062723c751e8b465ee728b)  -> (artifact id: '3433cad8ed3868a13f044cef156a0048') in 0.020847 seconds
Number of updated asset objects reloaded before import = 0
Number of asset objects unloaded after import = 3
========================================================================
Received Import Request.
  Time since last request: 0.000597 seconds.
  path: Assets/01-Prospector Clock/_Sprites/FaceCard_11H 2.png
  artifactKey: Guid(88ff9426f3c25406eaa1b5d3535bcd46) Importer(815301076,1909f56bfc062723c751e8b465ee728b)
Start importing Assets/01-Prospector Clock/_Sprites/FaceCard_11H 2.png using Guid(88ff9426f3c25406eaa1b5d3535bcd46) Importer(815301076,1909f56bfc062723c751e8b465ee728b)  -> (artifact id: '715732714e6b93df32ddd4b4f478ae19') in 0.007873 seconds
Number of updated asset objects reloaded before import = 0
Number of asset objects unloaded after import = 2
========================================================================
Received Import Request.
  Time since last request: 0.000073 seconds.
  path: Assets/01-Prospector Clock/_Sprites/FaceCard_13H 2.png
  artifactKey: Guid(e44878306bdfa48c4854f62d8bd9a54a) Importer(815301076,1909f56bfc062723c751e8b465ee728b)
Start importing Assets/01-Prospector Clock/_Sprites/FaceCard_13H 2.png using Guid(e44878306bdfa48c4854f62d8bd9a54a) Importer(815301076,1909f56bfc062723c751e8b465ee728b)  -> (artifact id: '30200e49bda6f0d35fd15502d0e8137b') in 0.008405 seconds
Number of updated asset objects reloaded before import = 0
Number of asset objects unloaded after import = 2
========================================================================
Received Import Request.
  Time since last request: 0.000478 seconds.
  path: Assets/01-Prospector Clock/_Sprites/FaceCard_12C 2.png
  artifactKey: Guid(06acfddbfc73a47ae9e87a4e041316f8) Importer(815301076,1909f56bfc062723c751e8b465ee728b)
Start importing Assets/01-Prospector Clock/_Sprites/FaceCard_12C 2.png using Guid(06acfddbfc73a47ae9e87a4e041316f8) Importer(815301076,1909f56bfc062723c751e8b465ee728b)  -> (artifact id: '5d80c3d49e8de54293118a01fb6708fb') in 0.015058 seconds
Number of updated asset objects reloaded before import = 0
Number of asset objects unloaded after import = 2
========================================================================
Received Import Request.
  Time since last request: 0.000795 seconds.
  path: Assets/01-Prospector Clock/_Sprites/FaceCard_12S.png
  artifactKey: Guid(ce0872ae675204b35be0ba070bb0177e) Importer(815301076,1909f56bfc062723c751e8b465ee728b)
Start importing Assets/01-Prospector Clock/_Sprites/FaceCard_12S.png using Guid(ce0872ae675204b35be0ba070bb0177e) Importer(815301076,1909f56bfc062723c751e8b465ee728b)  -> (artifact id: '0e174cc39406cf841564e132bacf33bd') in 0.020475 seconds
Number of updated asset objects reloaded before import = 0
Number of asset objects unloaded after import = 3
========================================================================
Received Import Request.
  Time since last request: 0.000094 seconds.
  path: Assets/01-Prospector Clock/_Sprites/FaceCard_12D 2.png
  artifactKey: Guid(6c952c1a492734d63bd2391b7aff43d7) Importer(815301076,1909f56bfc062723c751e8b465ee728b)
Start importing Assets/01-Prospector Clock/_Sprites/FaceCard_12D 2.png using Guid(6c952c1a492734d63bd2391b7aff43d7) Importer(815301076,1909f56bfc062723c751e8b465ee728b)  -> (artifact id: '7850ce30ae3c0dc19f6c9f666a2465bb') in 0.012995 seconds
Number of updated asset objects reloaded before import = 0
Number of asset objects unloaded after import = 2
========================================================================
Received Import Request.
  Time since last request: 0.000580 seconds.
  path: Assets/01-Prospector Clock/_Sprites/Card_Front 2.png
  artifactKey: Guid(db398ce0ffbff4dc7a62c3bdbd4e7fd8) Importer(815301076,1909f56bfc062723c751e8b465ee728b)
Start importing Assets/01-Prospector Clock/_Sprites/Card_Front 2.png using Guid(db398ce0ffbff4dc7a62c3bdbd4e7fd8) Importer(815301076,1909f56bfc062723c751e8b465ee728b)  -> (artifact id: '0391d645d3d14789276d1c6a3c24df98') in 0.008901 seconds
Number of updated asset objects reloaded before import = 0
Number of asset objects unloaded after import = 2
========================================================================
Received Import Request.
  Time since last request: 0.000203 seconds.
  path: Assets/01-Prospector Clock/_Sprites/FaceCard_13C.png
  artifactKey: Guid(179c723cdfcd841f5b3c483d3c2b62f8) Importer(815301076,1909f56bfc062723c751e8b465ee728b)
Start importing Assets/01-Prospector Clock/_Sprites/FaceCard_13C.png using Guid(179c723cdfcd841f5b3c483d3c2b62f8) Importer(815301076,1909f56bfc062723c751e8b465ee728b)  -> (artifact id: 'dcb01b4aa05a35e19de9787ab6201165') in 0.041540 seconds
Number of updated asset objects reloaded before import = 0
Number of asset objects unloaded after import = 3
========================================================================
Received Import Request.
  Time since last request: 0.000397 seconds.
  path: Assets/01-Prospector Clock/_Sprites/FaceCard_11S 2.png
  artifactKey: Guid(012492098716543a08c6dae07004e6e0) Importer(815301076,1909f56bfc062723c751e8b465ee728b)
Start importing Assets/01-Prospector Clock/_Sprites/FaceCard_11S 2.png using Guid(012492098716543a08c6dae07004e6e0) Importer(815301076,1909f56bfc062723c751e8b465ee728b)  -> (artifact id: '6f862bd7e14a308920695dcea47d7fac') in 0.009734 seconds
Number of updated asset objects reloaded before import = 0
Number of asset objects unloaded after import = 2
========================================================================
Received Import Request.
  Time since last request: 0.001112 seconds.
  path: Assets/01-Prospector Clock/_Sprites/FaceCard_13D 2.png
  artifactKey: Guid(bb5154dd6538247c7b5aba8196c74af9) Importer(815301076,1909f56bfc062723c751e8b465ee728b)
Start importing Assets/01-Prospector Clock/_Sprites/FaceCard_13D 2.png using Guid(bb5154dd6538247c7b5aba8196c74af9) Importer(815301076,1909f56bfc062723c751e8b465ee728b)  -> (artifact id: 'e450b6d553af9b27edcbc49acc5229ec') in 0.010475 seconds
Number of updated asset objects reloaded before import = 0
Number of asset objects unloaded after import = 2
========================================================================
Received Import Request.
  Time since last request: 0.000938 seconds.
  path: Assets/01-Prospector Clock/_Sprites/Club 2.png
  artifactKey: Guid(c1bb266235c664b0c99703c6dfee2861) Importer(815301076,1909f56bfc062723c751e8b465ee728b)
Start importing Assets/01-Prospector Clock/_Sprites/Club 2.png using Guid(c1bb266235c664b0c99703c6dfee2861) Importer(815301076,1909f56bfc062723c751e8b465ee728b)  -> (artifact id: 'abfbb8ca9fae7a4063771825441d502c') in 0.009312 seconds
Number of updated asset objects reloaded before import = 0
Number of asset objects unloaded after import = 2
========================================================================
Received Import Request.
  Time since last request: 0.000402 seconds.
  path: Assets/01-Prospector Clock/_Sprites/Diamond.png
  artifactKey: Guid(d7af1e30404a8481fa40decb076840e7) Importer(815301076,1909f56bfc062723c751e8b465ee728b)
Start importing Assets/01-Prospector Clock/_Sprites/Diamond.png using Guid(d7af1e30404a8481fa40decb076840e7) Importer(815301076,1909f56bfc062723c751e8b465ee728b)  -> (artifact id: 'dea3d6e7561e6d1c3c3a011e2d0ce7ea') in 0.014157 seconds
Number of updated asset objects reloaded before import = 0
Number of asset objects unloaded after import = 3
========================================================================
Received Import Request.
  Time since last request: 0.000333 seconds.
  path: Assets/01-Prospector Clock/_Sprites/FaceCard_11D.png
  artifactKey: Guid(bcb8e6dff8f604a179428e2612ce7ce8) Importer(815301076,1909f56bfc062723c751e8b465ee728b)
Start importing Assets/01-Prospector Clock/_Sprites/FaceCard_11D.png using Guid(bcb8e6dff8f604a179428e2612ce7ce8) Importer(815301076,1909f56bfc062723c751e8b465ee728b)  -> (artifact id: '77e624530e20c07f3aa4799f824cf624') in 0.021966 seconds
Number of updated asset objects reloaded before import = 0
Number of asset objects unloaded after import = 3
========================================================================
Received Import Request.
  Time since last request: 0.000331 seconds.
  path: Assets/01-Prospector Clock/_Sprites/Letters.png
  artifactKey: Guid(50b5d7038850841b29d4ee9760ef0140) Importer(815301076,1909f56bfc062723c751e8b465ee728b)
Start importing Assets/01-Prospector Clock/_Sprites/Letters.png using Guid(50b5d7038850841b29d4ee9760ef0140) Importer(815301076,1909f56bfc062723c751e8b465ee728b)  -> (artifact id: 'f83202a4b4465f08d9c86dee0089a41b') in 0.117467 seconds
Number of updated asset objects reloaded before import = 0
Number of asset objects unloaded after import = 18
========================================================================
Received Import Request.
  Time since last request: 0.000330 seconds.
  path: Assets/01-Prospector Clock/_Sprites/Heart.png
  artifactKey: Guid(3fdb93eb25b7c4ce9a181ed6a9fe45b3) Importer(815301076,1909f56bfc062723c751e8b465ee728b)
Start importing Assets/01-Prospector Clock/_Sprites/Heart.png using Guid(3fdb93eb25b7c4ce9a181ed6a9fe45b3) Importer(815301076,1909f56bfc062723c751e8b465ee728b)  -> (artifact id: 'a4b2b3dfe63ead2eb1fd2b5b801cfb2b') in 0.021233 seconds
Number of updated asset objects reloaded before import = 0
Number of asset objects unloaded after import = 3
========================================================================
Received Import Request.
  Time since last request: 0.000463 seconds.
  path: Assets/01-Prospector Clock/_Sprites/FaceCard_12H.png
  artifactKey: Guid(bd988dfe8accb44a792e30affab7080d) Importer(815301076,1909f56bfc062723c751e8b465ee728b)
Start importing Assets/01-Prospector Clock/_Sprites/FaceCard_12H.png using Guid(bd988dfe8accb44a792e30affab7080d) Importer(815301076,1909f56bfc062723c751e8b465ee728b)  -> (artifact id: '3c78cc5f7fce41b53c0fd8afb8ac8d71') in 0.043766 seconds
Number of updated asset objects reloaded before import = 0
Number of asset objects unloaded after import = 3
========================================================================
Received Import Request.
  Time since last request: 51.750733 seconds.
  path: Assets/01-Prospector/_Sprites 1/Card_Front.png
  artifactKey: Guid(e08003faa5e0c49e9abab04e627f23e6) Importer(815301076,1909f56bfc062723c751e8b465ee728b)
Start importing Assets/01-Prospector/_Sprites 1/Card_Front.png using Guid(e08003faa5e0c49e9abab04e627f23e6) Importer(815301076,1909f56bfc062723c751e8b465ee728b)  -> (artifact id: 'e57794da8ba3c9e9def5f12c64706915') in 0.040214 seconds
Number of updated asset objects reloaded before import = 0
Number of asset objects unloaded after import = 3
========================================================================
Received Import Request.
  Time since last request: 0.000736 seconds.
  path: Assets/01-Prospector/_Sprites 1/Diamond.png
  artifactKey: Guid(8e4830f876f5b4faf9520b45c9f8b2e0) Importer(815301076,1909f56bfc062723c751e8b465ee728b)
Start importing Assets/01-Prospector/_Sprites 1/Diamond.png using Guid(8e4830f876f5b4faf9520b45c9f8b2e0) Importer(815301076,1909f56bfc062723c751e8b465ee728b)  -> (artifact id: '691034853a0e338be91ac1f54e770f9d') in 0.016801 seconds
Number of updated asset objects reloaded before import = 0
Number of asset objects unloaded after import = 3
========================================================================
Received Import Request.
  Time since last request: 0.005283 seconds.
  path: Assets/01-Prospector/_Sprites 1/FaceCard_12S.png
  artifactKey: Guid(c800da494497b4be0b9bcd4e334fd8aa) Importer(815301076,1909f56bfc062723c751e8b465ee728b)
Start importing Assets/01-Prospector/_Sprites 1/FaceCard_12S.png using Guid(c800da494497b4be0b9bcd4e334fd8aa) Importer(815301076,1909f56bfc062723c751e8b465ee728b)  -> (artifact id: '8a5ca9eef97ee1f9af24bede4d05affa') in 0.024567 seconds
Number of updated asset objects reloaded before import = 0
Number of asset objects unloaded after import = 3
========================================================================
Received Import Request.
  Time since last request: 0.000390 seconds.
  path: Assets/01-Prospector/_Sprites 1/Spade.png
  artifactKey: Guid(4035dd2f7b8724e63b5dc5830270054f) Importer(815301076,1909f56bfc062723c751e8b465ee728b)
Start importing Assets/01-Prospector/_Sprites 1/Spade.png using Guid(4035dd2f7b8724e63b5dc5830270054f) Importer(815301076,1909f56bfc062723c751e8b465ee728b)  -> (artifact id: '222d8dc3560741f69f7b4ef86c85c51c') in 0.013063 seconds
Number of updated asset objects reloaded before import = 0
Number of asset objects unloaded after import = 3
========================================================================
Received Import Request.
  Time since last request: 0.000333 seconds.
  path: Assets/01-Prospector/_Sprites 1/ProspectorBackground Mat.mat
  artifactKey: Guid(875caf5b5839a406c90be4d1c504dacc) Importer(815301076,1909f56bfc062723c751e8b465ee728b)
Start importing Assets/01-Prospector/_Sprites 1/ProspectorBackground Mat.mat using Guid(875caf5b5839a406c90be4d1c504dacc) Importer(815301076,1909f56bfc062723c751e8b465ee728b)  -> (artifact id: '15f25f979d7f8ef83ae66990cbe517a0') in 0.079141 seconds
Number of updated asset objects reloaded before import = 0
Number of asset objects unloaded after import = 2
========================================================================
Received Import Request.
  Time since last request: 0.000064 seconds.
  path: Assets/01-Prospector/_Sprites 1/Heart.png
  artifactKey: Guid(f931f16e5580c4ee9b549eb7aa3dc4c7) Importer(815301076,1909f56bfc062723c751e8b465ee728b)
Start importing Assets/01-Prospector/_Sprites 1/Heart.png using Guid(f931f16e5580c4ee9b549eb7aa3dc4c7) Importer(815301076,1909f56bfc062723c751e8b465ee728b)  -> (artifact id: '985284690e7fd5d9b209fefd7a09fd35') in 0.009933 seconds
Number of updated asset objects reloaded before import = 0
Number of asset objects unloaded after import = 3
Editor requested this worker to shutdown with reason: Scaling down because of idle timeout
TcpMessagingSession - receive error: operation aborted. errorcode: 89, details: Operation aborted.
AssetImportWorker is now disconnected from the server
Process exiting
